<?xml version="1.0" encoding="UTF-8"?>
<!-- Generated by org.testng.reporters.JUnitXMLReporter -->
<testsuite ignored="0" hostname="DESKTOP-GTO6C35" failures="0" tests="4" name="Default test" time="17.394" errors="0" timestamp="2021-09-03T10:44:35 IST">
  <testcase classname="ZenQ.SampleScript.SampleScripts" name="launchURL" time="5.961"/>
  <testcase classname="ZenQ.SampleScript.SampleScripts" name="selectSourcePlace" time="1.2"/>
  <testcase classname="ZenQ.SampleScript.SampleScripts" name="selectDestinationPlace" time="0.603"/>
  <testcase classname="ZenQ.SampleScript.SampleScripts" name="clickOnSearchFlight" time="2.7"/>
</testsuite> <!-- Default test -->
