<?xml version="1.0" encoding="UTF-8"?>
<!-- Generated by org.testng.reporters.JUnitXMLReporter -->
<testsuite ignored="0" hostname="DESKTOP-GTO6C35" failures="0" tests="4" name="Default test" time="18.336" errors="0" timestamp="2021-09-03T15:28:00 IST">
  <testcase classname="ZenQ.SampleScript.SampleScripts" name="launchURL" time="5.682"/>
  <testcase classname="ZenQ.SampleScript.SampleScripts" name="selectSourcePlace" time="0.804"/>
  <testcase classname="ZenQ.SampleScript.SampleScripts" name="selectDestinationPlace" time="0.545"/>
  <testcase classname="ZenQ.SampleScript.SampleScripts" name="clickOnSearchFlight" time="4.772"/>
</testsuite> <!-- Default test -->
