<?xml version="1.0" encoding="UTF-8"?>
<!-- Generated by org.testng.reporters.JUnitXMLReporter -->
<testsuite ignored="0" hostname="DESKTOP-GTO6C35" failures="0" tests="4" name="Test" time="14.509" errors="0" timestamp="2021-09-03T12:33:55 IST">
  <testcase classname="ZenQ.SampleScript.SampleScripts" name="launchURL" time="5.693"/>
  <testcase classname="ZenQ.SampleScript.SampleScripts" name="selectSourcePlace" time="1.461"/>
  <testcase classname="ZenQ.SampleScript.SampleScripts" name="selectDestinationPlace" time="0.648"/>
  <testcase classname="ZenQ.SampleScript.SampleScripts" name="clickOnSearchFlight" time="3.843"/>
</testsuite> <!-- Test -->
