<?xml version="1.0" encoding="UTF-8"?>
<!-- Generated by org.testng.reporters.JUnitXMLReporter -->
<testsuite ignored="0" hostname="DESKTOP-GTO6C35" failures="0" tests="4" name="Test" time="22.413" errors="0" timestamp="2021-09-03T12:45:46 IST">
  <testcase classname="ZenQ.SampleScript.SampleScripts" name="launchURL" time="7.386"/>
  <testcase classname="ZenQ.SampleScript.SampleScripts" name="selectSourcePlace" time="2.103"/>
  <testcase classname="ZenQ.SampleScript.SampleScripts" name="selectDestinationPlace" time="2.034"/>
  <testcase classname="ZenQ.SampleScript.SampleScripts" name="clickOnSearchFlight" time="3.424"/>
</testsuite> <!-- Test -->
