<?xml version="1.0" encoding="UTF-8"?>
<testng-results ignored="0" total="4" passed="4" failed="0" skipped="0">
  <reporter-output>
  </reporter-output>
  <suite started-at="2021-09-03T12:45:23 IST" name="Suite" finished-at="2021-09-03T12:45:46 IST" duration-ms="22413">
    <groups>
    </groups>
    <test started-at="2021-09-03T12:45:23 IST" name="Test" finished-at="2021-09-03T12:45:46 IST" duration-ms="22413">
      <class name="ZenQ.SampleScript.SampleScripts">
        <test-method is-config="true" signature="beforeTest()[pri:0, instance:ZenQ.SampleScript.SampleScripts@45ca843]" started-at="2021-09-03T12:45:23 IST" name="beforeTest" finished-at="2021-09-03T12:45:26 IST" duration-ms="2937" status="PASS">
          <reporter-output>
          </reporter-output>
        </test-method> <!-- beforeTest -->
        <test-method signature="launchURL()[pri:0, instance:ZenQ.SampleScript.SampleScripts@45ca843]" started-at="2021-09-03T12:45:26 IST" name="launchURL" finished-at="2021-09-03T12:45:34 IST" duration-ms="7386" status="PASS">
          <reporter-output>
          </reporter-output>
        </test-method> <!-- launchURL -->
        <test-method signature="selectSourcePlace()[pri:1, instance:ZenQ.SampleScript.SampleScripts@45ca843]" started-at="2021-09-03T12:45:34 IST" name="selectSourcePlace" finished-at="2021-09-03T12:45:36 IST" duration-ms="2103" status="PASS">
          <reporter-output>
          </reporter-output>
        </test-method> <!-- selectSourcePlace -->
        <test-method signature="selectDestinationPlace()[pri:2, instance:ZenQ.SampleScript.SampleScripts@45ca843]" started-at="2021-09-03T12:45:36 IST" name="selectDestinationPlace" finished-at="2021-09-03T12:45:38 IST" duration-ms="2034" status="PASS">
          <reporter-output>
          </reporter-output>
        </test-method> <!-- selectDestinationPlace -->
        <test-method signature="clickOnSearchFlight()[pri:3, instance:ZenQ.SampleScript.SampleScripts@45ca843]" started-at="2021-09-03T12:45:38 IST" name="clickOnSearchFlight" finished-at="2021-09-03T12:45:41 IST" duration-ms="3424" status="PASS">
          <reporter-output>
          </reporter-output>
        </test-method> <!-- clickOnSearchFlight -->
        <test-method is-config="true" signature="afterTest()[pri:0, instance:ZenQ.SampleScript.SampleScripts@45ca843]" started-at="2021-09-03T12:45:41 IST" name="afterTest" finished-at="2021-09-03T12:45:46 IST" duration-ms="4456" status="PASS">
          <reporter-output>
          </reporter-output>
        </test-method> <!-- afterTest -->
      </class> <!-- ZenQ.SampleScript.SampleScripts -->
    </test> <!-- Test -->
  </suite> <!-- Suite -->
</testng-results>
