<?xml version="1.0" encoding="UTF-8"?>
<testng-results ignored="0" total="2" passed="2" failed="0" skipped="0">
  <reporter-output>
  </reporter-output>
  <suite started-at="2021-09-07T10:48:55 IST" name="Sampl" finished-at="2021-09-07T10:49:07 IST" duration-ms="11641">
    <groups>
    </groups>
    <test started-at="2021-09-07T10:48:55 IST" name="Chrome Test" finished-at="2021-09-07T10:49:05 IST" duration-ms="9710">
      <class name="ZenQ.SampleScript.GridWithJenkins">
        <test-method is-config="true" signature="setUp(java.lang.String)[pri:0, instance:ZenQ.SampleScript.GridWithJenkins@1ebd319f]" started-at="2021-09-07T10:48:55 IST" name="setUp" finished-at="2021-09-07T10:49:01 IST" duration-ms="5480" status="PASS">
          <params>
            <param index="0">
              <value>
                <![CDATA[4546]]>
              </value>
            </param>
          </params>
          <reporter-output>
          </reporter-output>
        </test-method> <!-- setUp -->
        <test-method signature="appleSite()[pri:0, instance:ZenQ.SampleScript.GridWithJenkins@1ebd319f]" started-at="2021-09-07T10:49:01 IST" name="appleSite" finished-at="2021-09-07T10:49:05 IST" duration-ms="3803" status="PASS">
          <reporter-output>
          </reporter-output>
        </test-method> <!-- appleSite -->
        <test-method is-config="true" signature="tearDown()[pri:0, instance:ZenQ.SampleScript.GridWithJenkins@1ebd319f]" started-at="2021-09-07T10:49:05 IST" name="tearDown" finished-at="2021-09-07T10:49:05 IST" duration-ms="370" status="PASS">
          <reporter-output>
          </reporter-output>
        </test-method> <!-- tearDown -->
      </class> <!-- ZenQ.SampleScript.GridWithJenkins -->
    </test> <!-- Chrome Test -->
    <test started-at="2021-09-07T10:48:55 IST" name="Firefox Test" finished-at="2021-09-07T10:49:07 IST" duration-ms="11641">
      <class name="ZenQ.SampleScript.GridWithJenkins">
        <test-method is-config="true" signature="setUp(java.lang.String)[pri:0, instance:ZenQ.SampleScript.GridWithJenkins@3315d2d7]" started-at="2021-09-07T10:48:55 IST" name="setUp" finished-at="2021-09-07T10:49:06 IST" duration-ms="10217" status="PASS">
          <params>
            <param index="0">
              <value>
                <![CDATA[5566]]>
              </value>
            </param>
          </params>
          <reporter-output>
          </reporter-output>
        </test-method> <!-- setUp -->
        <test-method signature="appleSite()[pri:0, instance:ZenQ.SampleScript.GridWithJenkins@3315d2d7]" started-at="2021-09-07T10:49:06 IST" name="appleSite" finished-at="2021-09-07T10:49:06 IST" duration-ms="376" status="PASS">
          <reporter-output>
          </reporter-output>
        </test-method> <!-- appleSite -->
        <test-method is-config="true" signature="tearDown()[pri:0, instance:ZenQ.SampleScript.GridWithJenkins@3315d2d7]" started-at="2021-09-07T10:49:06 IST" name="tearDown" finished-at="2021-09-07T10:49:07 IST" duration-ms="998" status="PASS">
          <reporter-output>
          </reporter-output>
        </test-method> <!-- tearDown -->
      </class> <!-- ZenQ.SampleScript.GridWithJenkins -->
    </test> <!-- Firefox Test -->
  </suite> <!-- Sampl -->
</testng-results>
